@@@@@@@@@@@@@@@@@@@@@@@@@@@@@@@@@@@@@@@@@@@@@@@@@
face image trainning number30
correct rate 25.4237288136 % in fisherrecognizer with 30 trainning face
correct rate 30.5084745763 % in lbphrecognizer with 30 trainning face
correct rate 13.5593220339 % in eigenrecognizer with 30 trainning face
@@@@@@@@@@@@@@@@@@@@@@@@@@@@@@@@@@@@@@@@@@@@@@@@@
face image trainning number31
correct rate 32.2033898305 % in fisherrecognizer with 31 trainning face
correct rate 33.8983050847 % in lbphrecognizer with 31 trainning face
correct rate 13.5593220339 % in eigenrecognizer with 31 trainning face
@@@@@@@@@@@@@@@@@@@@@@@@@@@@@@@@@@@@@@@@@@@@@@@@@
face image trainning number32
correct rate 33.8983050847 % in fisherrecognizer with 32 trainning face
correct rate 37.2881355932 % in lbphrecognizer with 32 trainning face
correct rate 13.5593220339 % in eigenrecognizer with 32 trainning face
@@@@@@@@@@@@@@@@@@@@@@@@@@@@@@@@@@@@@@@@@@@@@@@@@
face image trainning number33
correct rate 40.6779661017 % in fisherrecognizer with 33 trainning face
correct rate 37.2881355932 % in lbphrecognizer with 33 trainning face
correct rate 13.5593220339 % in eigenrecognizer with 33 trainning face
@@@@@@@@@@@@@@@@@@@@@@@@@@@@@@@@@@@@@@@@@@@@@@@@@
face image trainning number34
correct rate 40.6779661017 % in fisherrecognizer with 34 trainning face
correct rate 37.2881355932 % in lbphrecognizer with 34 trainning face
correct rate 15.2542372881 % in eigenrecognizer with 34 trainning face
@@@@@@@@@@@@@@@@@@@@@@@@@@@@@@@@@@@@@@@@@@@@@@@@@
face image trainning number35
correct rate 49.1525423729 % in fisherrecognizer with 35 trainning face
correct rate 38.9830508475 % in lbphrecognizer with 35 trainning face
correct rate 15.2542372881 % in eigenrecognizer with 35 trainning face
@@@@@@@@@@@@@@@@@@@@@@@@@@@@@@@@@@@@@@@@@@@@@@@@@
face image trainning number36
correct rate 52.5423728814 % in fisherrecognizer with 36 trainning face
correct rate 38.9830508475 % in lbphrecognizer with 36 trainning face
correct rate 15.2542372881 % in eigenrecognizer with 36 trainning face
@@@@@@@@@@@@@@@@@@@@@@@@@@@@@@@@@@@@@@@@@@@@@@@@@
face image trainning number37
correct rate 59.3220338983 % in fisherrecognizer with 37 trainning face
correct rate 40.6779661017 % in lbphrecognizer with 37 trainning face
correct rate 15.2542372881 % in eigenrecognizer with 37 trainning face
@@@@@@@@@@@@@@@@@@@@@@@@@@@@@@@@@@@@@@@@@@@@@@@@@
face image trainning number38
correct rate 59.3220338983 % in fisherrecognizer with 38 trainning face
correct rate 42.3728813559 % in lbphrecognizer with 38 trainning face
correct rate 15.2542372881 % in eigenrecognizer with 38 trainning face
@@@@@@@@@@@@@@@@@@@@@@@@@@@@@@@@@@@@@@@@@@@@@@@@@
face image trainning number39
correct rate 52.5423728814 % in fisherrecognizer with 39 trainning face
correct rate 40.6779661017 % in lbphrecognizer with 39 trainning face
correct rate 15.2542372881 % in eigenrecognizer with 39 trainning face
@@@@@@@@@@@@@@@@@@@@@@@@@@@@@@@@@@@@@@@@@@@@@@@@@
face image trainning number40
correct rate 52.5423728814 % in fisherrecognizer with 40 trainning face
correct rate 49.1525423729 % in lbphrecognizer with 40 trainning face
correct rate 15.2542372881 % in eigenrecognizer with 40 trainning face
@@@@@@@@@@@@@@@@@@@@@@@@@@@@@@@@@@@@@@@@@@@@@@@@@
face image trainning number41
correct rate 57.6271186441 % in fisherrecognizer with 41 trainning face
correct rate 50.8474576271 % in lbphrecognizer with 41 trainning face
correct rate 15.2542372881 % in eigenrecognizer with 41 trainning face
@@@@@@@@@@@@@@@@@@@@@@@@@@@@@@@@@@@@@@@@@@@@@@@@@
face image trainning number42
correct rate 55.9322033898 % in fisherrecognizer with 42 trainning face
correct rate 44.0677966102 % in lbphrecognizer with 42 trainning face
correct rate 16.9491525424 % in eigenrecognizer with 42 trainning face
@@@@@@@@@@@@@@@@@@@@@@@@@@@@@@@@@@@@@@@@@@@@@@@@@
face image trainning number43
correct rate 54.2372881356 % in fisherrecognizer with 43 trainning face
correct rate 47.4576271186 % in lbphrecognizer with 43 trainning face
correct rate 16.9491525424 % in eigenrecognizer with 43 trainning face
@@@@@@@@@@@@@@@@@@@@@@@@@@@@@@@@@@@@@@@@@@@@@@@@@
face image trainning number44
correct rate 62.7118644068 % in fisherrecognizer with 44 trainning face
correct rate 47.4576271186 % in lbphrecognizer with 44 trainning face
correct rate 16.9491525424 % in eigenrecognizer with 44 trainning face
@@@@@@@@@@@@@@@@@@@@@@@@@@@@@@@@@@@@@@@@@@@@@@@@@
face image trainning number45
correct rate 62.7118644068 % in fisherrecognizer with 45 trainning face
correct rate 50.8474576271 % in lbphrecognizer with 45 trainning face
correct rate 16.9491525424 % in eigenrecognizer with 45 trainning face
@@@@@@@@@@@@@@@@@@@@@@@@@@@@@@@@@@@@@@@@@@@@@@@@@
face image trainning number46
correct rate 66.1016949153 % in fisherrecognizer with 46 trainning face
correct rate 50.8474576271 % in lbphrecognizer with 46 trainning face
correct rate 20.3389830508 % in eigenrecognizer with 46 trainning face
@@@@@@@@@@@@@@@@@@@@@@@@@@@@@@@@@@@@@@@@@@@@@@@@@
face image trainning number47
correct rate 69.4915254237 % in fisherrecognizer with 47 trainning face
correct rate 55.9322033898 % in lbphrecognizer with 47 trainning face
correct rate 22.0338983051 % in eigenrecognizer with 47 trainning face
@@@@@@@@@@@@@@@@@@@@@@@@@@@@@@@@@@@@@@@@@@@@@@@@@
face image trainning number48
correct rate 71.186440678 % in fisherrecognizer with 48 trainning face
correct rate 59.3220338983 % in lbphrecognizer with 48 trainning face
correct rate 22.0338983051 % in eigenrecognizer with 48 trainning face
@@@@@@@@@@@@@@@@@@@@@@@@@@@@@@@@@@@@@@@@@@@@@@@@@
face image trainning number49
correct rate 76.2711864407 % in fisherrecognizer with 49 trainning face
correct rate 59.3220338983 % in lbphrecognizer with 49 trainning face
correct rate 22.0338983051 % in eigenrecognizer with 49 trainning face
@@@@@@@@@@@@@@@@@@@@@@@@@@@@@@@@@@@@@@@@@@@@@@@@@
face image trainning number50
correct rate 77.9661016949 % in fisherrecognizer with 50 trainning face
correct rate 62.7118644068 % in lbphrecognizer with 50 trainning face
correct rate 23.7288135593 % in eigenrecognizer with 50 trainning face
@@@@@@@@@@@@@@@@@@@@@@@@@@@@@@@@@@@@@@@@@@@@@@@@@
face image trainning number51
correct rate 81.3559322034 % in fisherrecognizer with 51 trainning face
correct rate 62.7118644068 % in lbphrecognizer with 51 trainning face
correct rate 27.1186440678 % in eigenrecognizer with 51 trainning face
@@@@@@@@@@@@@@@@@@@@@@@@@@@@@@@@@@@@@@@@@@@@@@@@@
face image trainning number52
correct rate 88.1355932203 % in fisherrecognizer with 52 trainning face
correct rate 59.3220338983 % in lbphrecognizer with 52 trainning face
correct rate 25.4237288136 % in eigenrecognizer with 52 trainning face
@@@@@@@@@@@@@@@@@@@@@@@@@@@@@@@@@@@@@@@@@@@@@@@@@
face image trainning number53
correct rate 89.8305084746 % in fisherrecognizer with 53 trainning face
correct rate 72.8813559322 % in lbphrecognizer with 53 trainning face
correct rate 23.7288135593 % in eigenrecognizer with 53 trainning face
@@@@@@@@@@@@@@@@@@@@@@@@@@@@@@@@@@@@@@@@@@@@@@@@@
face image trainning number54
correct rate 88.1355932203 % in fisherrecognizer with 54 trainning face
correct rate 72.8813559322 % in lbphrecognizer with 54 trainning face
correct rate 27.1186440678 % in eigenrecognizer with 54 trainning face
@@@@@@@@@@@@@@@@@@@@@@@@@@@@@@@@@@@@@@@@@@@@@@@@@
face image trainning number55
correct rate 89.8305084746 % in fisherrecognizer with 55 trainning face
correct rate 67.7966101695 % in lbphrecognizer with 55 trainning face
correct rate 28.813559322 % in eigenrecognizer with 55 trainning face
@@@@@@@@@@@@@@@@@@@@@@@@@@@@@@@@@@@@@@@@@@@@@@@@@
face image trainning number56
correct rate 93.2203389831 % in fisherrecognizer with 56 trainning face
correct rate 71.186440678 % in lbphrecognizer with 56 trainning face
correct rate 28.813559322 % in eigenrecognizer with 56 trainning face
@@@@@@@@@@@@@@@@@@@@@@@@@@@@@@@@@@@@@@@@@@@@@@@@@
face image trainning number57
correct rate 94.9152542373 % in fisherrecognizer with 57 trainning face
correct rate 64.406779661 % in lbphrecognizer with 57 trainning face
correct rate 28.813559322 % in eigenrecognizer with 57 trainning face
