@@@@@@@@@@@@@@@@@@@@@@@@@@@@@@@@@@@@@@@@@@@@@@@@@
face image trainning number1
lbphrecognizer 0 Picture no.2 is Incorrect Recognized as 11
eigenrecognizer 1 Picture no.4 is Incorrect Recognized as 11
lbphrecognizer 1 Picture no.4 is Incorrect Recognized as 12
fisherrecognizer 1 Picture no.5 is Incorrect Recognized as 0
eigenrecognizer 1 Picture no.5 is Incorrect Recognized as 11
lbphrecognizer 1 Picture no.5 is Incorrect Recognized as 9
eigenrecognizer 1 Picture no.6 is Incorrect Recognized as 11
fisherrecognizer 2 Picture no.7 is Incorrect Recognized as 9
eigenrecognizer 2 Picture no.7 is Incorrect Recognized as 9
lbphrecognizer 2 Picture no.7 is Incorrect Recognized as 12
fisherrecognizer 2 Picture no.8 is Incorrect Recognized as 12
eigenrecognizer 2 Picture no.8 is Incorrect Recognized as 12
lbphrecognizer 2 Picture no.8 is Incorrect Recognized as 12
fisherrecognizer 2 Picture no.9 is Incorrect Recognized as 12
eigenrecognizer 2 Picture no.9 is Incorrect Recognized as 12
lbphrecognizer 2 Picture no.9 is Incorrect Recognized as 12
fisherrecognizer 3 Picture no.10 is Incorrect Recognized as 9
eigenrecognizer 3 Picture no.10 is Incorrect Recognized as 9
lbphrecognizer 3 Picture no.10 is Incorrect Recognized as 9
fisherrecognizer 3 Picture no.11 is Incorrect Recognized as 9
eigenrecognizer 3 Picture no.11 is Incorrect Recognized as 9
lbphrecognizer 3 Picture no.11 is Incorrect Recognized as 11
fisherrecognizer 3 Picture no.12 is Incorrect Recognized as 9
eigenrecognizer 3 Picture no.12 is Incorrect Recognized as 9
lbphrecognizer 3 Picture no.12 is Incorrect Recognized as 11
fisherrecognizer 4 Picture no.13 is Incorrect Recognized as 11
eigenrecognizer 4 Picture no.13 is Incorrect Recognized as 11
lbphrecognizer 4 Picture no.13 is Incorrect Recognized as 11
eigenrecognizer 4 Picture no.14 is Incorrect Recognized as 11
lbphrecognizer 4 Picture no.14 is Incorrect Recognized as 11
eigenrecognizer 4 Picture no.15 is Incorrect Recognized as 11
lbphrecognizer 4 Picture no.15 is Incorrect Recognized as 11
eigenrecognizer 5 Picture no.16 is Incorrect Recognized as 13
lbphrecognizer 5 Picture no.16 is Incorrect Recognized as 13
fisherrecognizer 5 Picture no.17 is Incorrect Recognized as 13
eigenrecognizer 5 Picture no.17 is Incorrect Recognized as 13
lbphrecognizer 5 Picture no.17 is Incorrect Recognized as 12
fisherrecognizer 5 Picture no.18 is Incorrect Recognized as 13
eigenrecognizer 5 Picture no.18 is Incorrect Recognized as 13
lbphrecognizer 5 Picture no.18 is Incorrect Recognized as 12
eigenrecognizer 6 Picture no.19 is Incorrect Recognized as 9
lbphrecognizer 6 Picture no.19 is Incorrect Recognized as 12
fisherrecognizer 6 Picture no.20 is Incorrect Recognized as 14
eigenrecognizer 6 Picture no.20 is Incorrect Recognized as 12
lbphrecognizer 6 Picture no.20 is Incorrect Recognized as 12
eigenrecognizer 6 Picture no.21 is Incorrect Recognized as 12
lbphrecognizer 6 Picture no.21 is Incorrect Recognized as 12
eigenrecognizer 7 Picture no.22 is Incorrect Recognized as 0
lbphrecognizer 7 Picture no.22 is Incorrect Recognized as 12
fisherrecognizer 7 Picture no.23 is Incorrect Recognized as 14
eigenrecognizer 7 Picture no.23 is Incorrect Recognized as 0
lbphrecognizer 7 Picture no.23 is Incorrect Recognized as 12
fisherrecognizer 7 Picture no.24 is Incorrect Recognized as 14
eigenrecognizer 7 Picture no.24 is Incorrect Recognized as 0
lbphrecognizer 7 Picture no.24 is Incorrect Recognized as 12
eigenrecognizer 8 Picture no.25 is Incorrect Recognized as 0
lbphrecognizer 8 Picture no.25 is Incorrect Recognized as 12
eigenrecognizer 8 Picture no.26 is Incorrect Recognized as 0
lbphrecognizer 8 Picture no.26 is Incorrect Recognized as 12
fisherrecognizer 8 Picture no.27 is Incorrect Recognized as 14
eigenrecognizer 8 Picture no.27 is Incorrect Recognized as 0
lbphrecognizer 8 Picture no.27 is Incorrect Recognized as 12
lbphrecognizer 9 Picture no.28 is Incorrect Recognized as 12
lbphrecognizer 9 Picture no.29 is Incorrect Recognized as 12
lbphrecognizer 9 Picture no.30 is Incorrect Recognized as 12
eigenrecognizer 10 Picture no.31 is Incorrect Recognized as 6
lbphrecognizer 10 Picture no.33 is Incorrect Recognized as 12
fisherrecognizer 11 Picture no.34 is Incorrect Recognized as 0
eigenrecognizer 11 Picture no.34 is Incorrect Recognized as 9
fisherrecognizer 11 Picture no.35 is Incorrect Recognized as 0
eigenrecognizer 11 Picture no.35 is Incorrect Recognized as 9
fisherrecognizer 13 Picture no.40 is Incorrect Recognized as 14
eigenrecognizer 13 Picture no.40 is Incorrect Recognized as 14
eigenrecognizer 14 Picture no.43 is Incorrect Recognized as 12
lbphrecognizer 14 Picture no.43 is Incorrect Recognized as 6
fisherrecognizer 14 Picture no.44 is Incorrect Recognized as 0
eigenrecognizer 14 Picture no.44 is Incorrect Recognized as 0
lbphrecognizer 14 Picture no.44 is Incorrect Recognized as 12
fisherrecognizer 14 Picture no.45 is Incorrect Recognized as 0
eigenrecognizer 14 Picture no.45 is Incorrect Recognized as 0
lbphrecognizer 14 Picture no.45 is Incorrect Recognized as 12
correct rate 57.7777777778 % in fisherrecognizer with 1 trainning face
correct rate 31.1111111111 % in lbphrecognizer with 1 trainning face
correct rate 31.1111111111 % in eigenrecognizer with 1 trainning face
@@@@@@@@@@@@@@@@@@@@@@@@@@@@@@@@@@@@@@@@@@@@@@@@@
face image trainning number2
lbphrecognizer 0 Picture no.2 is Incorrect Recognized as 11
fisherrecognizer 1 Picture no.4 is Incorrect Recognized as 11
lbphrecognizer 1 Picture no.4 is Incorrect Recognized as 4
fisherrecognizer 1 Picture no.5 is Incorrect Recognized as 9
lbphrecognizer 1 Picture no.5 is Incorrect Recognized as 9
fisherrecognizer 2 Picture no.7 is Incorrect Recognized as 9
eigenrecognizer 2 Picture no.7 is Incorrect Recognized as 9
fisherrecognizer 2 Picture no.8 is Incorrect Recognized as 11
lbphrecognizer 3 Picture no.10 is Incorrect Recognized as 9
fisherrecognizer 4 Picture no.13 is Incorrect Recognized as 11
fisherrecognizer 5 Picture no.16 is Incorrect Recognized as 11
eigenrecognizer 5 Picture no.16 is Incorrect Recognized as 13
lbphrecognizer 5 Picture no.16 is Incorrect Recognized as 13
lbphrecognizer 5 Picture no.17 is Incorrect Recognized as 14
fisherrecognizer 6 Picture no.19 is Incorrect Recognized as 14
fisherrecognizer 6 Picture no.21 is Incorrect Recognized as 7
lbphrecognizer 7 Picture no.22 is Incorrect Recognized as 6
fisherrecognizer 7 Picture no.23 is Incorrect Recognized as 6
lbphrecognizer 7 Picture no.23 is Incorrect Recognized as 6
fisherrecognizer 8 Picture no.25 is Incorrect Recognized as 11
eigenrecognizer 8 Picture no.25 is Incorrect Recognized as 2
lbphrecognizer 8 Picture no.25 is Incorrect Recognized as 12
fisherrecognizer 8 Picture no.26 is Incorrect Recognized as 4
eigenrecognizer 8 Picture no.26 is Incorrect Recognized as 9
lbphrecognizer 8 Picture no.26 is Incorrect Recognized as 9
fisherrecognizer 9 Picture no.28 is Incorrect Recognized as 7
eigenrecognizer 9 Picture no.28 is Incorrect Recognized as 7
lbphrecognizer 9 Picture no.28 is Incorrect Recognized as 6
lbphrecognizer 9 Picture no.29 is Incorrect Recognized as 6
eigenrecognizer 9 Picture no.30 is Incorrect Recognized as 7
fisherrecognizer 10 Picture no.31 is Incorrect Recognized as 8
eigenrecognizer 10 Picture no.31 is Incorrect Recognized as 6
fisherrecognizer 11 Picture no.34 is Incorrect Recognized as 9
eigenrecognizer 11 Picture no.34 is Incorrect Recognized as 9
fisherrecognizer 11 Picture no.35 is Incorrect Recognized as 9
eigenrecognizer 11 Picture no.35 is Incorrect Recognized as 4
fisherrecognizer 11 Picture no.36 is Incorrect Recognized as 9
fisherrecognizer 13 Picture no.40 is Incorrect Recognized as 6
eigenrecognizer 13 Picture no.40 is Incorrect Recognized as 14
fisherrecognizer 14 Picture no.43 is Incorrect Recognized as 7
eigenrecognizer 14 Picture no.43 is Incorrect Recognized as 6
lbphrecognizer 14 Picture no.43 is Incorrect Recognized as 6
fisherrecognizer 14 Picture no.45 is Incorrect Recognized as 11
eigenrecognizer 14 Picture no.45 is Incorrect Recognized as 2
lbphrecognizer 14 Picture no.45 is Incorrect Recognized as 6
correct rate 57.7777777778 % in fisherrecognizer with 2 trainning face
correct rate 68.8888888889 % in lbphrecognizer with 2 trainning face
correct rate 73.3333333333 % in eigenrecognizer with 2 trainning face
@@@@@@@@@@@@@@@@@@@@@@@@@@@@@@@@@@@@@@@@@@@@@@@@@
face image trainning number3
lbphrecognizer 0 Picture no.2 is Incorrect Recognized as 11
lbphrecognizer 1 Picture no.4 is Incorrect Recognized as 12
eigenrecognizer 1 Picture no.5 is Incorrect Recognized as 3
lbphrecognizer 1 Picture no.5 is Incorrect Recognized as 12
fisherrecognizer 2 Picture no.7 is Incorrect Recognized as 9
eigenrecognizer 2 Picture no.7 is Incorrect Recognized as 9
lbphrecognizer 3 Picture no.10 is Incorrect Recognized as 9
fisherrecognizer 5 Picture no.16 is Incorrect Recognized as 9
eigenrecognizer 5 Picture no.16 is Incorrect Recognized as 13
lbphrecognizer 5 Picture no.16 is Incorrect Recognized as 13
lbphrecognizer 5 Picture no.17 is Incorrect Recognized as 14
fisherrecognizer 6 Picture no.19 is Incorrect Recognized as 9
eigenrecognizer 6 Picture no.19 is Incorrect Recognized as 9
fisherrecognizer 8 Picture no.25 is Incorrect Recognized as 3
eigenrecognizer 8 Picture no.25 is Incorrect Recognized as 2
lbphrecognizer 8 Picture no.25 is Incorrect Recognized as 12
fisherrecognizer 8 Picture no.26 is Incorrect Recognized as 3
eigenrecognizer 8 Picture no.26 is Incorrect Recognized as 9
lbphrecognizer 8 Picture no.26 is Incorrect Recognized as 9
lbphrecognizer 9 Picture no.29 is Incorrect Recognized as 6
fisherrecognizer 10 Picture no.31 is Incorrect Recognized as 6
eigenrecognizer 10 Picture no.31 is Incorrect Recognized as 14
fisherrecognizer 13 Picture no.40 is Incorrect Recognized as 7
eigenrecognizer 13 Picture no.40 is Incorrect Recognized as 14
fisherrecognizer 14 Picture no.44 is Incorrect Recognized as 3
fisherrecognizer 14 Picture no.45 is Incorrect Recognized as 2
correct rate 80.0 % in fisherrecognizer with 3 trainning face
correct rate 80.0 % in lbphrecognizer with 3 trainning face
correct rate 82.2222222222 % in eigenrecognizer with 3 trainning face
@@@@@@@@@@@@@@@@@@@@@@@@@@@@@@@@@@@@@@@@@@@@@@@@@
face image trainning number4
lbphrecognizer 0 Picture no.2 is Incorrect Recognized as 11
lbphrecognizer 1 Picture no.4 is Incorrect Recognized as 12
lbphrecognizer 1 Picture no.5 is Incorrect Recognized as 12
fisherrecognizer 1 Picture no.6 is Incorrect Recognized as 11
fisherrecognizer 2 Picture no.7 is Incorrect Recognized as 7
eigenrecognizer 2 Picture no.7 is Incorrect Recognized as 9
fisherrecognizer 2 Picture no.8 is Incorrect Recognized as 7
lbphrecognizer 3 Picture no.10 is Incorrect Recognized as 9
fisherrecognizer 3 Picture no.12 is Incorrect Recognized as 7
lbphrecognizer 5 Picture no.16 is Incorrect Recognized as 13
fisherrecognizer 5 Picture no.17 is Incorrect Recognized as 11
lbphrecognizer 5 Picture no.17 is Incorrect Recognized as 14
fisherrecognizer 6 Picture no.19 is Incorrect Recognized as 9
eigenrecognizer 6 Picture no.19 is Incorrect Recognized as 9
fisherrecognizer 6 Picture no.20 is Incorrect Recognized as 7
fisherrecognizer 7 Picture no.22 is Incorrect Recognized as 5
fisherrecognizer 8 Picture no.25 is Incorrect Recognized as 14
eigenrecognizer 8 Picture no.25 is Incorrect Recognized as 14
lbphrecognizer 8 Picture no.25 is Incorrect Recognized as 12
fisherrecognizer 8 Picture no.26 is Incorrect Recognized as 7
eigenrecognizer 8 Picture no.26 is Incorrect Recognized as 9
lbphrecognizer 8 Picture no.26 is Incorrect Recognized as 9
fisherrecognizer 10 Picture no.31 is Incorrect Recognized as 6
eigenrecognizer 10 Picture no.31 is Incorrect Recognized as 6
fisherrecognizer 11 Picture no.35 is Incorrect Recognized as 10
fisherrecognizer 13 Picture no.40 is Incorrect Recognized as 14
eigenrecognizer 13 Picture no.40 is Incorrect Recognized as 14
fisherrecognizer 14 Picture no.43 is Incorrect Recognized as 7
fisherrecognizer 14 Picture no.44 is Incorrect Recognized as 11
fisherrecognizer 14 Picture no.45 is Incorrect Recognized as 3
correct rate 64.4444444444 % in fisherrecognizer with 4 trainning face
correct rate 82.2222222222 % in lbphrecognizer with 4 trainning face
correct rate 86.6666666667 % in eigenrecognizer with 4 trainning face
@@@@@@@@@@@@@@@@@@@@@@@@@@@@@@@@@@@@@@@@@@@@@@@@@
face image trainning number5
lbphrecognizer 0 Picture no.2 is Incorrect Recognized as 11
lbphrecognizer 1 Picture no.4 is Incorrect Recognized as 12
fisherrecognizer 1 Picture no.5 is Incorrect Recognized as 10
lbphrecognizer 1 Picture no.5 is Incorrect Recognized as 12
eigenrecognizer 2 Picture no.7 is Incorrect Recognized as 9
lbphrecognizer 3 Picture no.10 is Incorrect Recognized as 9
lbphrecognizer 5 Picture no.16 is Incorrect Recognized as 13
eigenrecognizer 6 Picture no.19 is Incorrect Recognized as 9
eigenrecognizer 8 Picture no.25 is Incorrect Recognized as 7
lbphrecognizer 8 Picture no.25 is Incorrect Recognized as 12
eigenrecognizer 8 Picture no.26 is Incorrect Recognized as 7
lbphrecognizer 8 Picture no.26 is Incorrect Recognized as 9
fisherrecognizer 10 Picture no.31 is Incorrect Recognized as 6
eigenrecognizer 10 Picture no.31 is Incorrect Recognized as 6
fisherrecognizer 13 Picture no.40 is Incorrect Recognized as 14
eigenrecognizer 13 Picture no.40 is Incorrect Recognized as 14
eigenrecognizer 14 Picture no.43 is Incorrect Recognized as 6
correct rate 93.3333333333 % in fisherrecognizer with 5 trainning face
correct rate 84.4444444444 % in lbphrecognizer with 5 trainning face
correct rate 84.4444444444 % in eigenrecognizer with 5 trainning face
@@@@@@@@@@@@@@@@@@@@@@@@@@@@@@@@@@@@@@@@@@@@@@@@@
face image trainning number6
eigenrecognizer 2 Picture no.7 is Incorrect Recognized as 9
lbphrecognizer 3 Picture no.10 is Incorrect Recognized as 9
lbphrecognizer 4 Picture no.13 is Incorrect Recognized as 12
eigenrecognizer 5 Picture no.16 is Incorrect Recognized as 13
lbphrecognizer 5 Picture no.16 is Incorrect Recognized as 13
eigenrecognizer 6 Picture no.19 is Incorrect Recognized as 9
eigenrecognizer 8 Picture no.25 is Incorrect Recognized as 2
lbphrecognizer 8 Picture no.25 is Incorrect Recognized as 12
eigenrecognizer 8 Picture no.26 is Incorrect Recognized as 7
lbphrecognizer 8 Picture no.26 is Incorrect Recognized as 9
eigenrecognizer 10 Picture no.31 is Incorrect Recognized as 6
fisherrecognizer 13 Picture no.40 is Incorrect Recognized as 14
eigenrecognizer 13 Picture no.40 is Incorrect Recognized as 5
eigenrecognizer 14 Picture no.43 is Incorrect Recognized as 6
correct rate 97.7777777778 % in fisherrecognizer with 6 trainning face
correct rate 88.8888888889 % in lbphrecognizer with 6 trainning face
correct rate 82.2222222222 % in eigenrecognizer with 6 trainning face
@@@@@@@@@@@@@@@@@@@@@@@@@@@@@@@@@@@@@@@@@@@@@@@@@
face image trainning number7
fisherrecognizer 2 Picture no.7 is Incorrect Recognized as 3
eigenrecognizer 2 Picture no.7 is Incorrect Recognized as 9
fisherrecognizer 2 Picture no.8 is Incorrect Recognized as 12
eigenrecognizer 2 Picture no.8 is Incorrect Recognized as 14
lbphrecognizer 3 Picture no.10 is Incorrect Recognized as 9
eigenrecognizer 5 Picture no.16 is Incorrect Recognized as 13
lbphrecognizer 5 Picture no.16 is Incorrect Recognized as 13
fisherrecognizer 6 Picture no.19 is Incorrect Recognized as 12
eigenrecognizer 6 Picture no.19 is Incorrect Recognized as 9
eigenrecognizer 8 Picture no.25 is Incorrect Recognized as 2
lbphrecognizer 8 Picture no.25 is Incorrect Recognized as 12
fisherrecognizer 8 Picture no.26 is Incorrect Recognized as 7
eigenrecognizer 8 Picture no.26 is Incorrect Recognized as 7
lbphrecognizer 8 Picture no.26 is Incorrect Recognized as 9
fisherrecognizer 10 Picture no.31 is Incorrect Recognized as 1
eigenrecognizer 10 Picture no.31 is Incorrect Recognized as 6
eigenrecognizer 13 Picture no.40 is Incorrect Recognized as 5
eigenrecognizer 14 Picture no.43 is Incorrect Recognized as 6
correct rate 88.8888888889 % in fisherrecognizer with 7 trainning face
correct rate 91.1111111111 % in lbphrecognizer with 7 trainning face
correct rate 80.0 % in eigenrecognizer with 7 trainning face
@@@@@@@@@@@@@@@@@@@@@@@@@@@@@@@@@@@@@@@@@@@@@@@@@
face image trainning number8
fisherrecognizer 2 Picture no.7 is Incorrect Recognized as 5
eigenrecognizer 2 Picture no.7 is Incorrect Recognized as 9
eigenrecognizer 2 Picture no.8 is Incorrect Recognized as 14
lbphrecognizer 3 Picture no.10 is Incorrect Recognized as 9
fisherrecognizer 5 Picture no.16 is Incorrect Recognized as 14
lbphrecognizer 5 Picture no.16 is Incorrect Recognized as 13
eigenrecognizer 6 Picture no.19 is Incorrect Recognized as 9
eigenrecognizer 8 Picture no.25 is Incorrect Recognized as 7
lbphrecognizer 8 Picture no.25 is Incorrect Recognized as 12
eigenrecognizer 8 Picture no.26 is Incorrect Recognized as 7
lbphrecognizer 8 Picture no.26 is Incorrect Recognized as 9
fisherrecognizer 10 Picture no.31 is Incorrect Recognized as 14
eigenrecognizer 10 Picture no.31 is Incorrect Recognized as 6
fisherrecognizer 13 Picture no.40 is Incorrect Recognized as 9
eigenrecognizer 13 Picture no.40 is Incorrect Recognized as 5
lbphrecognizer 14 Picture no.43 is Incorrect Recognized as 1
correct rate 91.1111111111 % in fisherrecognizer with 8 trainning face
correct rate 88.8888888889 % in lbphrecognizer with 8 trainning face
correct rate 84.4444444444 % in eigenrecognizer with 8 trainning face
