@@@@@@@@@@@@@@@@@@@@@@@@@@@@@@@@@@@@@@@@@@@@@@@@@
face image trainning number14
eigenrecognizer 2 Picture no.13 is Incorrect Recognized as 6
correct rate 100.0 % in fisherrecognizer with 14 trainning face
correct rate 100.0 % in lbphrecognizer with 14 trainning face
correct rate 96.9696969697 % in eigenrecognizer with 14 trainning face
@@@@@@@@@@@@@@@@@@@@@@@@@@@@@@@@@@@@@@@@@@@@@@@@@
face image trainning number15
eigenrecognizer 2 Picture no.13 is Incorrect Recognized as 6
correct rate 100.0 % in fisherrecognizer with 15 trainning face
correct rate 100.0 % in lbphrecognizer with 15 trainning face
correct rate 96.9696969697 % in eigenrecognizer with 15 trainning face
@@@@@@@@@@@@@@@@@@@@@@@@@@@@@@@@@@@@@@@@@@@@@@@@@
face image trainning number16
eigenrecognizer 2 Picture no.13 is Incorrect Recognized as 6
correct rate 100.0 % in fisherrecognizer with 16 trainning face
correct rate 100.0 % in lbphrecognizer with 16 trainning face
correct rate 96.9696969697 % in eigenrecognizer with 16 trainning face
@@@@@@@@@@@@@@@@@@@@@@@@@@@@@@@@@@@@@@@@@@@@@@@@@
face image trainning number17
eigenrecognizer 2 Picture no.13 is Incorrect Recognized as 6
correct rate 100.0 % in fisherrecognizer with 17 trainning face
correct rate 100.0 % in lbphrecognizer with 17 trainning face
correct rate 96.9696969697 % in eigenrecognizer with 17 trainning face
@@@@@@@@@@@@@@@@@@@@@@@@@@@@@@@@@@@@@@@@@@@@@@@@@
face image trainning number18
eigenrecognizer 2 Picture no.13 is Incorrect Recognized as 6
correct rate 100.0 % in fisherrecognizer with 18 trainning face
correct rate 100.0 % in lbphrecognizer with 18 trainning face
correct rate 96.9696969697 % in eigenrecognizer with 18 trainning face
